2024-01-17 12:50:33 info: tempDirectory:/Users/pankajvadnal/.vscode/extensions/browserstackcodequality-vscode.browserstackcodequality-0.1.5/temp
2024-01-17 12:50:33 info: Congratulations, your extension "BrowserStack Code Quality" is now active!
2024-01-17 12:50:33 info: Current Version Of BrowserStack Code Quality
2024-01-17 12:50:33 info: 0.1.5
2024-01-17 12:50:33 info: Extraction complete for source: /Users/pankajvadnal/.vscode/extensions/browserstackcodequality-vscode.browserstackcodequality-0.1.5/resources/embold-scanner-archive.zip, destination: /Users/pankajvadnal/.vscode/extensions/browserstackcodequality-vscode.browserstackcodequality-0.1.5/temp
2024-01-17 12:50:34 info: BrowserStack Code Quality extension version response:
2024-01-17 12:50:34 info: {"hasSupport":false,"version":"0.1.6","changeNotes":"<div> <p>Release Date: 09 Oct, 2023 <br><span>Bug fixes and improvements.</span></p> </div>"}
2024-01-17 12:51:08 info: tempDirectory:/Users/pankajvadnal/.vscode/extensions/browserstackcodequality-vscode.browserstackcodequality-0.1.5/temp
2024-01-17 12:51:08 info: Congratulations, your extension "BrowserStack Code Quality" is now active!
2024-01-17 12:51:08 info: Current Version Of BrowserStack Code Quality
2024-01-17 12:51:08 info: 0.1.5
2024-01-17 12:51:08 info: Extraction complete for source: /Users/pankajvadnal/.vscode/extensions/browserstackcodequality-vscode.browserstackcodequality-0.1.5/resources/embold-scanner-archive.zip, destination: /Users/pankajvadnal/.vscode/extensions/browserstackcodequality-vscode.browserstackcodequality-0.1.5/temp
2024-01-17 12:51:09 info: BrowserStack Code Quality extension version response:
2024-01-17 12:51:09 info: {"hasSupport":false,"version":"0.1.6","changeNotes":"<div> <p>Release Date: 09 Oct, 2023 <br><span>Bug fixes and improvements.</span></p> </div>"}
2024-01-17 12:52:35 info: tempDirectory:/Users/pankajvadnal/.vscode/extensions/browserstackcodequality-vscode.browserstackcodequality-0.1.5/temp
2024-01-17 12:52:35 info: Congratulations, your extension "BrowserStack Code Quality" is now active!
2024-01-17 12:52:35 info: Current Version Of BrowserStack Code Quality
2024-01-17 12:52:35 info: 0.1.5
2024-01-17 12:52:35 info: Extraction complete for source: /Users/pankajvadnal/.vscode/extensions/browserstackcodequality-vscode.browserstackcodequality-0.1.5/resources/embold-scanner-archive.zip, destination: /Users/pankajvadnal/.vscode/extensions/browserstackcodequality-vscode.browserstackcodequality-0.1.5/temp
2024-01-17 12:52:36 info: BrowserStack Code Quality extension version response:
2024-01-17 12:52:36 info: {"hasSupport":false,"version":"0.1.6","changeNotes":"<div> <p>Release Date: 09 Oct, 2023 <br><span>Bug fixes and improvements.</span></p> </div>"}
2024-01-17 14:59:27 info: tempDirectory:/Users/pankajvadnal/.vscode/extensions/browserstackcodequality-vscode.browserstackcodequality-0.1.5/temp
2024-01-17 14:59:27 info: Congratulations, your extension "BrowserStack Code Quality" is now active!
2024-01-17 14:59:27 info: Current Version Of BrowserStack Code Quality
2024-01-17 14:59:27 info: 0.1.5
2024-01-17 14:59:27 info: Extraction complete for source: /Users/pankajvadnal/.vscode/extensions/browserstackcodequality-vscode.browserstackcodequality-0.1.5/resources/embold-scanner-archive.zip, destination: /Users/pankajvadnal/.vscode/extensions/browserstackcodequality-vscode.browserstackcodequality-0.1.5/temp
2024-01-17 14:59:27 info: BrowserStack Code Quality extension version response:
2024-01-17 14:59:27 info: {"hasSupport":false,"version":"0.1.6","changeNotes":"<div> <p>Release Date: 09 Oct, 2023 <br><span>Bug fixes and improvements.</span></p> </div>"}
2024-01-17 15:00:34 info: tempDirectory:/Users/pankajvadnal/.vscode/extensions/browserstackcodequality-vscode.browserstackcodequality-0.1.5/temp
2024-01-17 15:00:34 info: Congratulations, your extension "BrowserStack Code Quality" is now active!
2024-01-17 15:00:34 info: Current Version Of BrowserStack Code Quality
2024-01-17 15:00:34 info: 0.1.5
2024-01-17 15:00:34 info: Extraction complete for source: /Users/pankajvadnal/.vscode/extensions/browserstackcodequality-vscode.browserstackcodequality-0.1.5/resources/embold-scanner-archive.zip, destination: /Users/pankajvadnal/.vscode/extensions/browserstackcodequality-vscode.browserstackcodequality-0.1.5/temp
2024-01-17 15:00:34 info: BrowserStack Code Quality extension version response:
2024-01-17 15:00:34 info: {"hasSupport":false,"version":"0.1.6","changeNotes":"<div> <p>Release Date: 09 Oct, 2023 <br><span>Bug fixes and improvements.</span></p> </div>"}
2024-01-17 15:04:15 info: tempDirectory:/Users/pankajvadnal/.vscode/extensions/browserstackcodequality-vscode.browserstackcodequality-0.1.5/temp
2024-01-17 15:04:15 info: Congratulations, your extension "BrowserStack Code Quality" is now active!
2024-01-17 15:04:15 info: Current Version Of BrowserStack Code Quality
2024-01-17 15:04:15 info: 0.1.5
2024-01-17 15:04:15 info: Extraction complete for source: /Users/pankajvadnal/.vscode/extensions/browserstackcodequality-vscode.browserstackcodequality-0.1.5/resources/embold-scanner-archive.zip, destination: /Users/pankajvadnal/.vscode/extensions/browserstackcodequality-vscode.browserstackcodequality-0.1.5/temp
2024-01-17 15:04:16 info: BrowserStack Code Quality extension version response:
2024-01-17 15:04:16 info: {"hasSupport":false,"version":"0.1.6","changeNotes":"<div> <p>Release Date: 09 Oct, 2023 <br><span>Bug fixes and improvements.</span></p> </div>"}
2024-01-17 15:07:21 error: SQLITE_ERROR: no such table: issues
2024-01-17 15:07:21 error: SQLITE_ERROR: no such table: issues
2024-01-17 15:07:21 error: SQLITE_ERROR: no such table: issues
2024-01-17 15:07:21 error: SQLITE_ERROR: no such table: issues
2024-01-17 15:07:21 error: SQLITE_ERROR: no such table: issues
2024-01-17 15:07:21 error: SQLITE_ERROR: no such table: issues
2024-01-17 15:07:21 error: SQLITE_ERROR: no such table: issues
2024-01-17 15:07:21 error: SQLITE_ERROR: no such table: issues
2024-01-17 15:07:21 error: SQLITE_ERROR: no such table: issues
2024-01-17 15:07:21 error: SQLITE_ERROR: no such table: issues
2024-01-17 15:07:21 error: SQLITE_ERROR: no such table: issues
2024-01-17 15:07:21 error: SQLITE_ERROR: no such table: issues
2024-01-17 15:07:21 error: SQLITE_ERROR: no such table: issues
2024-01-17 15:07:21 error: SQLITE_ERROR: no such table: issues
2024-01-17 15:07:21 error: SQLITE_ERROR: no such table: issues
2024-01-17 15:07:21 error: SQLITE_ERROR: no such table: issues
2024-01-17 15:07:21 error: SQLITE_ERROR: no such table: issues
2024-01-17 15:07:21 error: SQLITE_ERROR: no such table: issues
2024-01-17 15:07:21 error: SQLITE_ERROR: no such table: issues
2024-01-17 15:07:24 error: SQLITE_ERROR: no such table: issues
2024-01-17 15:07:24 error: SQLITE_ERROR: no such table: issues
2024-01-17 15:07:24 error: SQLITE_ERROR: no such table: issues
2024-01-17 15:07:24 error: SQLITE_ERROR: no such table: issues
2024-01-17 15:07:24 error: SQLITE_ERROR: no such table: issues
2024-01-17 15:07:24 error: SQLITE_ERROR: no such table: issues
2024-01-17 15:07:24 error: SQLITE_ERROR: no such table: issues
2024-01-17 15:07:24 error: SQLITE_ERROR: no such table: issues
2024-01-17 15:07:24 error: SQLITE_ERROR: no such table: issues
2024-01-17 15:07:24 error: SQLITE_ERROR: no such table: issues
2024-01-17 15:07:24 error: SQLITE_ERROR: no such table: issues
2024-01-17 15:07:24 error: SQLITE_ERROR: no such table: issues
2024-01-17 15:07:24 error: SQLITE_ERROR: no such table: issues
2024-01-17 15:07:24 error: SQLITE_ERROR: no such table: issues
2024-01-17 15:07:24 error: SQLITE_ERROR: no such table: issues
2024-01-17 15:07:24 error: SQLITE_ERROR: no such table: issues
2024-01-17 15:07:24 error: SQLITE_ERROR: no such table: issues
2024-01-17 15:07:33 error: SQLITE_ERROR: no such table: issues
2024-01-17 15:07:33 error: SQLITE_ERROR: no such table: issues
2024-01-17 15:07:33 error: SQLITE_ERROR: no such table: issues
2024-01-17 15:07:33 error: SQLITE_ERROR: no such table: issues
2024-01-17 15:07:33 error: SQLITE_ERROR: no such table: issues
2024-01-17 15:07:33 error: SQLITE_ERROR: no such table: issues
2024-01-17 15:07:33 error: SQLITE_ERROR: no such table: issues
2024-01-17 15:07:33 error: SQLITE_ERROR: no such table: issues
2024-01-17 15:07:33 error: SQLITE_ERROR: no such table: issues
2024-01-17 15:07:33 error: SQLITE_ERROR: no such table: issues
2024-01-17 15:07:33 error: SQLITE_ERROR: no such table: issues
2024-01-17 15:07:33 error: SQLITE_ERROR: no such table: issues
2024-01-17 15:07:33 error: SQLITE_ERROR: no such table: issues
2024-01-17 15:07:33 error: SQLITE_ERROR: no such table: issues
2024-01-17 15:07:33 error: SQLITE_ERROR: no such table: issues
2024-01-17 15:07:33 error: SQLITE_ERROR: no such table: issues
2024-01-17 15:07:33 error: SQLITE_ERROR: no such table: issues
2024-01-17 15:07:33 error: SQLITE_ERROR: no such table: issues
2024-01-17 15:07:33 error: SQLITE_ERROR: no such table: issues
2024-01-17 15:07:33 error: SQLITE_ERROR: no such table: issues
2024-01-17 15:07:33 error: SQLITE_ERROR: no such table: issues
2024-01-17 15:07:35 error: SQLITE_ERROR: no such table: issues
2024-01-17 15:07:35 error: SQLITE_ERROR: no such table: issues
2024-01-17 15:07:35 error: SQLITE_ERROR: no such table: issues
2024-01-17 15:07:37 error: SQLITE_ERROR: no such table: issues
2024-01-17 15:07:37 error: SQLITE_ERROR: no such table: issues
2024-01-17 15:07:37 error: SQLITE_ERROR: no such table: issues
2024-01-17 15:07:42 error: SQLITE_ERROR: no such table: issues
2024-01-17 15:07:46 error: SQLITE_ERROR: no such table: issues
2024-01-17 15:07:46 error: SQLITE_ERROR: no such table: issues
2024-01-17 15:07:46 error: SQLITE_ERROR: no such table: issues
2024-01-17 15:07:46 error: SQLITE_ERROR: no such table: issues
2024-01-17 15:07:46 error: SQLITE_ERROR: no such table: issues
2024-01-17 15:07:46 error: SQLITE_ERROR: no such table: issues
2024-01-17 15:07:46 error: SQLITE_ERROR: no such table: issues
2024-01-17 15:24:49 error: SQLITE_ERROR: no such table: issues
2024-01-17 15:25:55 error: SQLITE_ERROR: no such table: issues
2024-01-17 15:25:55 error: SQLITE_ERROR: no such table: issues
2024-01-17 15:25:55 error: SQLITE_ERROR: no such table: issues
2024-01-17 15:25:55 error: SQLITE_ERROR: no such table: issues
2024-01-17 15:25:55 error: SQLITE_ERROR: no such table: issues
2024-01-17 15:25:55 error: SQLITE_ERROR: no such table: issues
2024-01-17 15:25:55 error: SQLITE_ERROR: no such table: issues
2024-01-17 15:25:55 error: SQLITE_ERROR: no such table: issues
2024-01-17 15:25:55 error: SQLITE_ERROR: no such table: issues
2024-01-17 15:26:41 error: SQLITE_ERROR: no such table: issues
2024-01-17 15:26:41 error: SQLITE_ERROR: no such table: issues
2024-01-17 15:29:40 error: SQLITE_ERROR: no such table: issues
2024-01-17 15:29:45 error: SQLITE_ERROR: no such table: issues
2024-01-17 15:31:55 error: SQLITE_ERROR: no such table: issues
2024-01-17 15:32:45 error: SQLITE_ERROR: no such table: issues
2024-01-17 15:32:45 error: SQLITE_ERROR: no such table: issues
2024-01-17 15:32:48 error: SQLITE_ERROR: no such table: issues
2024-01-17 15:33:19 error: SQLITE_ERROR: no such table: issues
2024-01-17 15:33:46 error: SQLITE_ERROR: no such table: issues
2024-01-17 15:34:05 error: SQLITE_ERROR: no such table: issues
2024-01-17 15:34:31 error: SQLITE_ERROR: no such table: issues
2024-01-17 15:35:38 error: SQLITE_ERROR: no such table: issues
2024-01-17 15:35:45 error: SQLITE_ERROR: no such table: issues
2024-01-17 15:36:15 error: SQLITE_ERROR: no such table: issues
2024-01-17 15:37:31 error: SQLITE_ERROR: no such table: issues
2024-01-17 15:37:50 error: SQLITE_ERROR: no such table: issues
2024-01-17 15:38:23 error: SQLITE_ERROR: no such table: issues
2024-01-17 15:38:31 error: SQLITE_ERROR: no such table: issues
2024-01-17 15:38:53 error: SQLITE_ERROR: no such table: issues
2024-01-17 15:38:56 error: SQLITE_ERROR: no such table: issues
2024-01-17 15:39:45 error: SQLITE_ERROR: no such table: issues
2024-01-17 15:43:46 error: SQLITE_ERROR: no such table: issues
2024-01-17 15:43:52 error: SQLITE_ERROR: no such table: issues
2024-01-17 15:48:28 error: SQLITE_ERROR: no such table: issues
2024-01-17 15:48:31 error: SQLITE_ERROR: no such table: issues
2024-01-17 15:48:31 error: SQLITE_ERROR: no such table: issues
2024-01-17 15:48:31 error: SQLITE_ERROR: no such table: issues
2024-01-17 15:48:31 error: SQLITE_ERROR: no such table: issues
2024-01-17 15:48:31 error: SQLITE_ERROR: no such table: issues
2024-01-17 15:48:31 error: SQLITE_ERROR: no such table: issues
2024-01-17 15:50:28 error: SQLITE_ERROR: no such table: issues
2024-01-17 15:50:28 error: SQLITE_ERROR: no such table: issues
2024-01-17 15:50:28 error: SQLITE_ERROR: no such table: issues
2024-01-17 15:50:28 error: SQLITE_ERROR: no such table: issues
2024-01-17 15:50:28 error: SQLITE_ERROR: no such table: issues
2024-01-17 15:50:28 error: SQLITE_ERROR: no such table: issues
2024-01-17 15:50:28 error: SQLITE_ERROR: no such table: issues
2024-01-17 15:50:28 error: SQLITE_ERROR: no such table: issues
2024-01-17 15:50:28 error: SQLITE_ERROR: no such table: issues
2024-01-17 15:50:28 error: SQLITE_ERROR: no such table: issues
2024-01-17 15:50:28 error: SQLITE_ERROR: no such table: issues
2024-01-17 15:50:28 error: SQLITE_ERROR: no such table: issues
2024-01-17 15:50:28 error: SQLITE_ERROR: no such table: issues
2024-01-17 15:50:28 error: SQLITE_ERROR: no such table: issues
2024-01-17 15:50:28 error: SQLITE_ERROR: no such table: issues
2024-01-17 15:50:28 error: SQLITE_ERROR: no such table: issues
2024-01-17 15:50:28 error: SQLITE_ERROR: no such table: issues
2024-01-17 15:50:28 error: SQLITE_ERROR: no such table: issues
2024-01-17 15:50:28 error: SQLITE_ERROR: no such table: issues
2024-01-17 15:50:28 error: SQLITE_ERROR: no such table: issues
2024-01-17 15:50:28 error: SQLITE_ERROR: no such table: issues
2024-01-17 15:50:28 error: SQLITE_ERROR: no such table: issues
2024-01-17 15:50:28 error: SQLITE_ERROR: no such table: issues
2024-01-17 15:50:28 error: SQLITE_ERROR: no such table: issues
2024-01-17 15:50:28 error: SQLITE_ERROR: no such table: issues
2024-01-17 15:50:28 error: SQLITE_ERROR: no such table: issues
2024-01-17 15:50:28 error: SQLITE_ERROR: no such table: issues
2024-01-17 15:50:28 error: SQLITE_ERROR: no such table: issues
2024-01-17 15:50:28 error: SQLITE_ERROR: no such table: issues
2024-01-17 15:50:28 error: SQLITE_ERROR: no such table: issues
2024-01-17 15:50:28 error: SQLITE_ERROR: no such table: issues
2024-01-17 15:50:28 error: SQLITE_ERROR: no such table: issues
2024-01-17 15:50:28 error: SQLITE_ERROR: no such table: issues
2024-01-17 15:50:28 error: SQLITE_ERROR: no such table: issues
2024-01-17 15:50:28 error: SQLITE_ERROR: no such table: issues
2024-01-17 15:51:06 error: SQLITE_ERROR: no such table: issues
2024-01-17 15:55:52 error: SQLITE_ERROR: no such table: issues
2024-01-17 15:55:52 error: SQLITE_ERROR: no such table: issues
2024-01-17 15:58:23 error: SQLITE_ERROR: no such table: issues
2024-01-17 15:58:25 error: SQLITE_ERROR: no such table: issues
2024-01-17 16:10:43 error: SQLITE_ERROR: no such table: issues
2024-01-17 16:12:04 error: SQLITE_ERROR: no such table: issues
2024-01-17 16:12:10 error: SQLITE_ERROR: no such table: issues
2024-01-17 16:13:29 error: SQLITE_ERROR: no such table: issues
2024-01-17 16:13:53 error: SQLITE_ERROR: no such table: issues
2024-01-17 18:24:34 error: SQLITE_ERROR: no such table: issues
2024-01-17 18:24:34 error: SQLITE_ERROR: no such table: issues
2024-01-17 18:25:23 error: SQLITE_ERROR: no such table: issues
2024-01-17 18:28:10 error: SQLITE_ERROR: no such table: issues
2024-01-17 18:37:54 error: SQLITE_ERROR: no such table: issues
2024-01-17 18:40:13 error: SQLITE_ERROR: no such table: issues
2024-01-18 00:07:24 error: SQLITE_ERROR: no such table: issues
2024-01-18 12:14:08 error: SQLITE_ERROR: no such table: issues
2024-01-18 12:14:26 error: SQLITE_ERROR: no such table: issues
2024-01-18 12:14:49 error: SQLITE_ERROR: no such table: issues
2024-01-18 12:17:19 error: SQLITE_ERROR: no such table: issues
2024-01-18 12:17:19 error: SQLITE_ERROR: no such table: issues
2024-01-18 12:17:19 error: SQLITE_ERROR: no such table: issues
2024-01-18 12:17:19 error: SQLITE_ERROR: no such table: issues
2024-01-18 12:17:31 error: SQLITE_ERROR: no such table: issues
2024-01-18 12:17:31 error: SQLITE_ERROR: no such table: issues
2024-01-18 12:18:39 error: SQLITE_ERROR: no such table: issues
2024-01-18 12:18:39 error: SQLITE_ERROR: no such table: issues
2024-01-18 12:18:39 error: SQLITE_ERROR: no such table: issues
2024-01-18 12:18:39 error: SQLITE_ERROR: no such table: issues
2024-01-18 12:18:39 error: SQLITE_ERROR: no such table: issues
2024-01-18 12:18:39 error: SQLITE_ERROR: no such table: issues
2024-01-18 12:28:57 error: SQLITE_ERROR: no such table: issues
2024-01-18 12:28:57 error: SQLITE_ERROR: no such table: issues
2024-01-18 12:28:57 error: SQLITE_ERROR: no such table: issues
2024-01-18 12:28:57 error: SQLITE_ERROR: no such table: issues
2024-01-18 12:28:57 error: SQLITE_ERROR: no such table: issues
2024-01-18 12:28:57 error: SQLITE_ERROR: no such table: issues
2024-01-18 12:28:57 error: SQLITE_ERROR: no such table: issues
2024-01-18 12:28:58 error: SQLITE_ERROR: no such table: issues
2024-01-18 12:28:58 error: SQLITE_ERROR: no such table: issues
2024-01-18 12:28:58 error: SQLITE_ERROR: no such table: issues
2024-01-18 12:28:58 error: SQLITE_ERROR: no such table: issues
2024-01-18 12:29:25 error: SQLITE_ERROR: no such table: issues
2024-01-18 12:29:29 error: SQLITE_ERROR: no such table: issues
2024-01-18 12:29:29 error: SQLITE_ERROR: no such table: issues
2024-01-18 12:29:29 error: SQLITE_ERROR: no such table: issues
2024-01-18 12:29:29 error: SQLITE_ERROR: no such table: issues
2024-01-18 12:30:17 error: SQLITE_ERROR: no such table: issues
2024-01-18 12:33:27 error: SQLITE_ERROR: no such table: issues
2024-01-18 12:33:33 error: SQLITE_ERROR: no such table: issues
2024-01-18 12:45:29 error: SQLITE_ERROR: no such table: issues
2024-01-18 12:45:44 error: SQLITE_ERROR: no such table: issues
2024-01-18 12:47:50 error: SQLITE_ERROR: no such table: issues
2024-01-18 12:47:55 error: SQLITE_ERROR: no such table: issues
2024-01-18 12:53:52 error: SQLITE_ERROR: no such table: issues
2024-01-18 12:53:54 error: SQLITE_ERROR: no such table: issues
2024-01-18 12:56:58 error: SQLITE_ERROR: no such table: issues
2024-01-18 12:57:01 error: SQLITE_ERROR: no such table: issues
2024-01-18 13:01:29 error: SQLITE_ERROR: no such table: issues
2024-01-18 13:01:35 error: SQLITE_ERROR: no such table: issues
2024-01-18 13:02:17 error: SQLITE_ERROR: no such table: issues
2024-01-18 13:02:20 error: SQLITE_ERROR: no such table: issues
2024-01-18 13:10:14 error: SQLITE_ERROR: no such table: issues
2024-01-18 13:10:14 error: SQLITE_ERROR: no such table: issues
2024-01-18 13:10:14 error: SQLITE_ERROR: no such table: issues
2024-01-18 13:10:14 error: SQLITE_ERROR: no such table: issues
2024-01-18 13:10:14 error: SQLITE_ERROR: no such table: issues
2024-01-18 13:10:14 error: SQLITE_ERROR: no such table: issues
2024-01-18 13:10:14 error: SQLITE_ERROR: no such table: issues
2024-01-18 13:10:14 error: SQLITE_ERROR: no such table: issues
2024-01-18 13:10:14 error: SQLITE_ERROR: no such table: issues
2024-01-18 13:10:14 error: SQLITE_ERROR: no such table: issues
2024-01-18 13:11:30 error: SQLITE_ERROR: no such table: issues
2024-01-18 13:15:21 error: SQLITE_ERROR: no such table: issues
2024-01-18 13:15:33 error: SQLITE_ERROR: no such table: issues
2024-01-18 13:19:05 error: SQLITE_ERROR: no such table: issues
2024-01-18 13:21:52 error: SQLITE_ERROR: no such table: issues
2024-01-18 13:21:58 error: SQLITE_ERROR: no such table: issues
2024-01-18 13:26:52 error: SQLITE_ERROR: no such table: issues
2024-01-18 13:26:56 error: SQLITE_ERROR: no such table: issues
2024-01-18 13:26:57 error: SQLITE_ERROR: no such table: issues
2024-01-18 13:26:57 error: SQLITE_ERROR: no such table: issues
2024-01-18 13:27:03 error: SQLITE_ERROR: no such table: issues
2024-01-18 13:27:03 error: SQLITE_ERROR: no such table: issues
2024-01-18 13:27:03 error: SQLITE_ERROR: no such table: issues
2024-01-18 13:27:03 error: SQLITE_ERROR: no such table: issues
2024-01-18 13:34:15 error: SQLITE_ERROR: no such table: issues
2024-01-18 13:35:09 error: SQLITE_ERROR: no such table: issues
2024-01-18 13:35:09 error: SQLITE_ERROR: no such table: issues
2024-01-18 14:53:18 error: SQLITE_ERROR: no such table: issues
2024-01-18 14:58:40 error: SQLITE_ERROR: no such table: issues
2024-01-18 15:10:02 error: SQLITE_ERROR: no such table: issues
2024-01-18 15:10:04 error: SQLITE_ERROR: no such table: issues
2024-01-18 15:10:49 error: SQLITE_ERROR: no such table: issues
2024-01-18 15:10:49 error: SQLITE_ERROR: no such table: issues
2024-01-18 15:10:49 error: SQLITE_ERROR: no such table: issues
2024-01-18 15:10:49 error: SQLITE_ERROR: no such table: issues
2024-01-18 15:10:49 error: SQLITE_ERROR: no such table: issues
2024-01-18 15:10:49 error: SQLITE_ERROR: no such table: issues
2024-01-18 15:10:49 error: SQLITE_ERROR: no such table: issues
2024-01-18 15:10:49 error: SQLITE_ERROR: no such table: issues
2024-01-18 15:10:49 error: SQLITE_ERROR: no such table: issues
2024-01-18 15:10:49 error: SQLITE_ERROR: no such table: issues
2024-01-18 15:10:49 error: SQLITE_ERROR: no such table: issues
2024-01-18 15:10:49 error: SQLITE_ERROR: no such table: issues
2024-01-18 15:10:49 error: SQLITE_ERROR: no such table: issues
2024-01-18 15:10:49 error: SQLITE_ERROR: no such table: issues
2024-01-18 15:10:49 error: SQLITE_ERROR: no such table: issues
2024-01-18 15:10:49 error: SQLITE_ERROR: no such table: issues
2024-01-18 15:10:49 error: SQLITE_ERROR: no such table: issues
2024-01-18 15:10:49 error: SQLITE_ERROR: no such table: issues
2024-01-18 15:10:49 error: SQLITE_ERROR: no such table: issues
2024-01-18 15:10:49 error: SQLITE_ERROR: no such table: issues
2024-01-18 15:10:49 error: SQLITE_ERROR: no such table: issues
2024-01-18 15:10:49 error: SQLITE_ERROR: no such table: issues
2024-01-18 15:10:49 error: SQLITE_ERROR: no such table: issues
2024-01-18 15:10:49 error: SQLITE_ERROR: no such table: issues
2024-01-18 15:10:49 error: SQLITE_ERROR: no such table: issues
2024-01-18 15:10:49 error: SQLITE_ERROR: no such table: issues
2024-01-18 15:10:49 error: SQLITE_ERROR: no such table: issues
2024-01-18 15:10:49 error: SQLITE_ERROR: no such table: issues
2024-01-18 15:10:49 error: SQLITE_ERROR: no such table: issues
2024-01-18 15:10:49 error: SQLITE_ERROR: no such table: issues
2024-01-18 15:10:49 error: SQLITE_ERROR: no such table: issues
2024-01-18 15:10:49 error: SQLITE_ERROR: no such table: issues
2024-01-18 15:10:49 error: SQLITE_ERROR: no such table: issues
2024-01-18 15:10:49 error: SQLITE_ERROR: no such table: issues
2024-01-18 15:10:49 error: SQLITE_ERROR: no such table: issues
2024-01-18 15:10:49 error: SQLITE_ERROR: no such table: issues
2024-01-18 15:10:49 error: SQLITE_ERROR: no such table: issues
2024-01-18 15:10:49 error: SQLITE_ERROR: no such table: issues
2024-01-18 15:10:49 error: SQLITE_ERROR: no such table: issues
2024-01-18 15:10:49 error: SQLITE_ERROR: no such table: issues
2024-01-18 15:10:49 error: SQLITE_ERROR: no such table: issues
2024-01-18 15:10:49 error: SQLITE_ERROR: no such table: issues
2024-01-18 15:10:49 error: SQLITE_ERROR: no such table: issues
2024-01-18 15:10:49 error: SQLITE_ERROR: no such table: issues
2024-01-18 15:10:49 error: SQLITE_ERROR: no such table: issues
2024-01-18 15:10:49 error: SQLITE_ERROR: no such table: issues
2024-01-18 15:10:49 error: SQLITE_ERROR: no such table: issues
2024-01-18 15:10:49 error: SQLITE_ERROR: no such table: issues
2024-01-18 15:16:21 error: SQLITE_ERROR: no such table: issues
2024-01-18 15:16:23 error: SQLITE_ERROR: no such table: issues
2024-01-18 15:18:29 error: SQLITE_ERROR: no such table: issues
2024-01-18 15:18:31 error: SQLITE_ERROR: no such table: issues
2024-01-18 15:26:24 error: SQLITE_ERROR: no such table: issues
2024-01-18 15:26:24 error: SQLITE_ERROR: no such table: issues
2024-01-18 15:28:03 error: SQLITE_ERROR: no such table: issues
2024-01-18 15:28:11 error: SQLITE_ERROR: no such table: issues
2024-01-18 15:28:25 error: SQLITE_ERROR: no such table: issues
2024-01-18 15:31:27 error: SQLITE_ERROR: no such table: issues
2024-01-18 15:31:28 error: SQLITE_ERROR: no such table: issues
2024-01-18 15:31:33 error: SQLITE_ERROR: no such table: issues
2024-01-18 15:37:17 error: SQLITE_ERROR: no such table: issues
2024-01-18 15:37:22 error: SQLITE_ERROR: no such table: issues
2024-01-18 15:42:51 error: SQLITE_ERROR: no such table: issues
2024-01-18 15:42:51 error: SQLITE_ERROR: no such table: issues
2024-01-18 15:44:45 error: SQLITE_ERROR: no such table: issues
2024-01-18 15:44:48 error: SQLITE_ERROR: no such table: issues
2024-01-18 15:44:48 error: SQLITE_ERROR: no such table: issues
2024-01-18 15:44:48 error: SQLITE_ERROR: no such table: issues
2024-01-18 15:44:48 error: SQLITE_ERROR: no such table: issues
2024-01-18 15:44:48 error: SQLITE_ERROR: no such table: issues
2024-01-18 15:44:48 error: SQLITE_ERROR: no such table: issues
2024-01-18 15:44:48 error: SQLITE_ERROR: no such table: issues
2024-01-18 15:44:48 error: SQLITE_ERROR: no such table: issues
2024-01-18 15:49:44 error: SQLITE_ERROR: no such table: issues
2024-01-18 15:56:29 error: SQLITE_ERROR: no such table: issues
2024-01-18 15:56:29 error: SQLITE_ERROR: no such table: issues
2024-01-18 15:56:29 error: SQLITE_ERROR: no such table: issues
2024-01-18 15:56:29 error: SQLITE_ERROR: no such table: issues
2024-01-18 15:56:29 error: SQLITE_ERROR: no such table: issues
2024-01-18 16:00:05 error: SQLITE_ERROR: no such table: issues
2024-01-18 16:05:13 error: SQLITE_ERROR: no such table: issues
2024-01-18 16:08:19 error: SQLITE_ERROR: no such table: issues
2024-01-18 16:08:27 error: SQLITE_ERROR: no such table: issues
2024-01-18 16:25:29 error: SQLITE_ERROR: no such table: issues
2024-01-18 16:25:43 error: SQLITE_ERROR: no such table: issues
2024-01-18 16:35:37 error: SQLITE_ERROR: no such table: issues
2024-01-18 16:36:12 error: SQLITE_ERROR: no such table: issues
2024-01-18 16:36:12 error: SQLITE_ERROR: no such table: issues
2024-01-18 16:36:12 error: SQLITE_ERROR: no such table: issues
2024-01-18 16:36:12 error: SQLITE_ERROR: no such table: issues
2024-01-18 16:36:27 error: SQLITE_ERROR: no such table: issues
2024-01-18 16:54:47 error: SQLITE_ERROR: no such table: issues
2024-01-18 16:59:22 error: SQLITE_ERROR: no such table: issues
2024-01-18 16:59:37 error: SQLITE_ERROR: no such table: issues
2024-01-18 17:01:17 error: SQLITE_ERROR: no such table: issues
2024-01-18 17:05:08 error: SQLITE_ERROR: no such table: issues
2024-01-18 17:05:14 error: SQLITE_ERROR: no such table: issues
2024-01-18 17:05:23 error: SQLITE_ERROR: no such table: issues
2024-01-18 17:05:23 error: SQLITE_ERROR: no such table: issues
2024-01-18 17:05:23 error: SQLITE_ERROR: no such table: issues
2024-01-18 17:05:23 error: SQLITE_ERROR: no such table: issues
2024-01-18 17:05:23 error: SQLITE_ERROR: no such table: issues
2024-01-18 17:05:23 error: SQLITE_ERROR: no such table: issues
2024-01-18 17:05:23 error: SQLITE_ERROR: no such table: issues
2024-01-18 17:05:23 error: SQLITE_ERROR: no such table: issues
2024-01-18 17:05:23 error: SQLITE_ERROR: no such table: issues
2024-01-18 17:05:23 error: SQLITE_ERROR: no such table: issues
2024-01-18 17:05:23 error: SQLITE_ERROR: no such table: issues
2024-01-18 17:05:23 error: SQLITE_ERROR: no such table: issues
2024-01-18 17:05:23 error: SQLITE_ERROR: no such table: issues
2024-01-18 17:05:23 error: SQLITE_ERROR: no such table: issues
2024-01-18 17:05:23 error: SQLITE_ERROR: no such table: issues
2024-01-18 17:05:23 error: SQLITE_ERROR: no such table: issues
2024-01-18 17:05:23 error: SQLITE_ERROR: no such table: issues
2024-01-18 17:05:23 error: SQLITE_ERROR: no such table: issues
2024-01-18 17:05:23 error: SQLITE_ERROR: no such table: issues
2024-01-18 17:05:23 error: SQLITE_ERROR: no such table: issues
2024-01-18 17:05:23 error: SQLITE_ERROR: no such table: issues
2024-01-18 17:05:23 error: SQLITE_ERROR: no such table: issues
2024-01-18 17:05:23 error: SQLITE_ERROR: no such table: issues
2024-01-18 17:05:23 error: SQLITE_ERROR: no such table: issues
2024-01-18 17:05:23 error: SQLITE_ERROR: no such table: issues
2024-01-18 17:05:23 error: SQLITE_ERROR: no such table: issues
2024-01-18 17:05:23 error: SQLITE_ERROR: no such table: issues
2024-01-18 17:05:23 error: SQLITE_ERROR: no such table: issues
2024-01-18 17:05:23 error: SQLITE_ERROR: no such table: issues
2024-01-18 17:05:23 error: SQLITE_ERROR: no such table: issues
2024-01-18 17:05:23 error: SQLITE_ERROR: no such table: issues
2024-01-18 17:05:23 error: SQLITE_ERROR: no such table: issues
2024-01-18 17:05:23 error: SQLITE_ERROR: no such table: issues
2024-01-18 17:05:23 error: SQLITE_ERROR: no such table: issues
2024-01-18 17:30:54 error: SQLITE_ERROR: no such table: issues
2024-01-18 17:30:54 error: SQLITE_ERROR: no such table: issues
2024-01-18 17:41:47 error: SQLITE_ERROR: no such table: issues
2024-01-18 17:43:21 error: SQLITE_ERROR: no such table: issues
2024-01-18 17:45:04 error: SQLITE_ERROR: no such table: issues
2024-01-18 17:54:30 error: SQLITE_ERROR: no such table: issues
2024-01-18 17:57:49 error: SQLITE_ERROR: no such table: issues
2024-01-18 18:06:12 error: SQLITE_ERROR: no such table: issues
2024-01-18 18:06:19 error: SQLITE_ERROR: no such table: issues
2024-01-18 18:08:21 error: SQLITE_ERROR: no such table: issues
2024-01-18 18:13:48 error: SQLITE_ERROR: no such table: issues
2024-01-18 18:16:52 error: SQLITE_ERROR: no such table: issues
2024-01-18 18:21:29 error: SQLITE_ERROR: no such table: issues
2024-01-18 18:24:38 error: SQLITE_ERROR: no such table: issues
2024-01-18 18:24:41 error: SQLITE_ERROR: no such table: issues
2024-01-18 18:27:42 error: SQLITE_ERROR: no such table: issues
2024-01-18 18:27:42 error: SQLITE_ERROR: no such table: issues
2024-01-18 18:28:09 error: SQLITE_ERROR: no such table: issues
2024-01-18 18:31:05 error: SQLITE_ERROR: no such table: issues
2024-01-18 18:32:16 error: SQLITE_ERROR: no such table: issues
2024-01-18 18:33:06 error: SQLITE_ERROR: no such table: issues
2024-01-18 18:33:06 error: SQLITE_ERROR: no such table: issues
2024-01-18 18:35:53 error: SQLITE_ERROR: no such table: issues
2024-01-18 18:45:51 error: SQLITE_ERROR: no such table: issues
2024-01-18 18:46:08 error: SQLITE_ERROR: no such table: issues
2024-01-18 18:46:08 error: SQLITE_ERROR: no such table: issues
2024-01-18 18:46:31 error: SQLITE_ERROR: no such table: issues
2024-01-18 18:48:16 error: SQLITE_ERROR: no such table: issues
2024-01-18 18:48:26 error: SQLITE_ERROR: no such table: issues
2024-01-18 18:55:58 error: SQLITE_ERROR: no such table: issues
2024-01-18 18:56:00 error: SQLITE_ERROR: no such table: issues
2024-01-18 18:57:38 error: SQLITE_ERROR: no such table: issues
2024-01-18 18:58:05 error: SQLITE_ERROR: no such table: issues
2024-01-18 18:58:10 error: SQLITE_ERROR: no such table: issues
2024-01-18 19:09:30 error: SQLITE_ERROR: no such table: issues
2024-01-18 19:12:29 error: SQLITE_ERROR: no such table: issues
2024-01-18 20:04:03 error: SQLITE_ERROR: no such table: issues
2024-01-18 20:06:48 error: SQLITE_ERROR: no such table: issues
2024-01-18 20:06:48 error: SQLITE_ERROR: no such table: issues
2024-01-18 20:15:51 error: SQLITE_ERROR: no such table: issues
2024-01-18 20:15:54 error: SQLITE_ERROR: no such table: issues
2024-01-18 20:15:57 error: SQLITE_ERROR: no such table: issues
2024-01-18 20:20:02 error: SQLITE_ERROR: no such table: issues
2024-01-18 23:07:10 error: SQLITE_ERROR: no such table: issues
2024-01-18 23:09:50 error: SQLITE_ERROR: no such table: issues
2024-01-18 23:16:48 error: SQLITE_ERROR: no such table: issues
2024-01-18 23:16:48 error: SQLITE_ERROR: no such table: issues
2024-01-18 23:18:06 error: SQLITE_ERROR: no such table: issues
2024-01-18 23:20:30 error: SQLITE_ERROR: no such table: issues
2024-01-18 23:20:49 error: SQLITE_ERROR: no such table: issues
2024-01-18 23:23:00 error: SQLITE_ERROR: no such table: issues
2024-01-18 23:25:08 error: SQLITE_ERROR: no such table: issues
2024-01-18 23:25:14 error: SQLITE_ERROR: no such table: issues
2024-01-18 23:28:09 error: SQLITE_ERROR: no such table: issues
2024-01-18 23:31:13 error: SQLITE_ERROR: no such table: issues
2024-01-18 23:32:18 error: SQLITE_ERROR: no such table: issues
2024-01-18 23:32:35 error: SQLITE_ERROR: no such table: issues
2024-01-18 23:32:36 error: SQLITE_ERROR: no such table: issues
2024-01-18 23:32:41 error: SQLITE_ERROR: no such table: issues
2024-01-18 23:33:23 error: SQLITE_ERROR: no such table: issues
2024-01-18 23:45:30 error: SQLITE_ERROR: no such table: issues
2024-01-18 23:52:27 error: SQLITE_ERROR: no such table: issues
2024-01-18 23:59:14 error: SQLITE_ERROR: no such table: issues
2024-01-18 23:59:18 error: SQLITE_ERROR: no such table: issues
2024-01-19 00:00:03 error: SQLITE_ERROR: no such table: issues
2024-01-19 00:04:00 error: SQLITE_ERROR: no such table: issues
2024-01-19 00:04:02 error: SQLITE_ERROR: no such table: issues
2024-01-19 00:04:29 error: SQLITE_ERROR: no such table: issues
2024-01-19 00:15:02 error: SQLITE_ERROR: no such table: issues
2024-01-19 00:15:05 error: SQLITE_ERROR: no such table: issues
2024-01-19 00:15:51 error: SQLITE_ERROR: no such table: issues
2024-01-19 00:16:15 error: SQLITE_ERROR: no such table: issues
2024-01-19 00:16:19 error: SQLITE_ERROR: no such table: issues
2024-01-19 00:19:03 error: SQLITE_ERROR: no such table: issues
2024-01-19 00:19:05 error: SQLITE_ERROR: no such table: issues
2024-01-19 00:19:49 error: SQLITE_ERROR: no such table: issues
2024-01-19 00:20:26 error: SQLITE_ERROR: no such table: issues
2024-01-19 00:22:01 error: SQLITE_ERROR: no such table: issues
2024-01-19 00:26:21 error: SQLITE_ERROR: no such table: issues
2024-01-19 00:26:22 error: SQLITE_ERROR: no such table: issues
2024-01-19 00:27:59 error: SQLITE_ERROR: no such table: issues
2024-01-19 00:30:25 error: SQLITE_ERROR: no such table: issues
2024-01-19 00:30:27 error: SQLITE_ERROR: no such table: issues
2024-01-19 00:31:06 error: SQLITE_ERROR: no such table: issues
2024-01-19 00:31:07 error: SQLITE_ERROR: no such table: issues
2024-01-19 00:32:00 error: SQLITE_ERROR: no such table: issues
2024-01-19 00:32:01 error: SQLITE_ERROR: no such table: issues
2024-01-19 00:32:24 error: SQLITE_ERROR: no such table: issues
2024-01-19 00:32:25 error: SQLITE_ERROR: no such table: issues
2024-01-19 00:34:03 error: SQLITE_ERROR: no such table: issues
2024-01-19 00:34:04 error: SQLITE_ERROR: no such table: issues
2024-01-19 00:35:05 error: SQLITE_ERROR: no such table: issues
2024-01-19 00:35:07 error: SQLITE_ERROR: no such table: issues
2024-01-19 00:35:34 error: SQLITE_ERROR: no such table: issues
2024-01-19 00:43:20 error: SQLITE_ERROR: no such table: issues
2024-01-19 00:49:20 error: SQLITE_ERROR: no such table: issues
2024-01-19 00:49:21 error: SQLITE_ERROR: no such table: issues
2024-01-19 00:49:42 error: SQLITE_ERROR: no such table: issues
2024-01-19 00:50:49 error: SQLITE_ERROR: no such table: issues
2024-01-19 00:51:08 error: SQLITE_ERROR: no such table: issues
2024-01-19 00:53:08 error: SQLITE_ERROR: no such table: issues
2024-01-19 00:53:09 error: SQLITE_ERROR: no such table: issues
2024-01-19 00:53:21 error: SQLITE_ERROR: no such table: issues
2024-01-19 00:56:04 error: SQLITE_ERROR: no such table: issues
2024-01-19 00:56:06 error: SQLITE_ERROR: no such table: issues
2024-01-19 00:56:31 error: SQLITE_ERROR: no such table: issues
2024-01-19 00:58:21 error: SQLITE_ERROR: no such table: issues
2024-01-19 01:05:19 error: SQLITE_ERROR: no such table: issues
2024-01-19 01:06:28 error: SQLITE_ERROR: no such table: issues
2024-01-19 01:06:29 error: SQLITE_ERROR: no such table: issues
2024-01-19 01:06:57 error: SQLITE_ERROR: no such table: issues
2024-01-19 01:06:57 error: SQLITE_ERROR: no such table: issues
2024-01-19 01:17:32 error: SQLITE_ERROR: no such table: issues
2024-01-19 01:17:35 error: SQLITE_ERROR: no such table: issues
2024-01-19 01:18:43 error: SQLITE_ERROR: no such table: issues
2024-01-19 01:18:43 error: SQLITE_ERROR: no such table: issues
2024-01-19 01:18:43 error: SQLITE_ERROR: no such table: issues
2024-01-19 01:18:43 error: SQLITE_ERROR: no such table: issues
2024-01-19 01:18:43 error: SQLITE_ERROR: no such table: issues
2024-01-19 01:18:43 error: SQLITE_ERROR: no such table: issues
2024-01-19 01:18:49 error: SQLITE_ERROR: no such table: issues
2024-01-19 01:18:55 error: SQLITE_ERROR: no such table: issues
2024-01-19 01:18:55 error: SQLITE_ERROR: no such table: issues
2024-01-19 01:18:55 error: SQLITE_ERROR: no such table: issues
2024-01-19 01:18:55 error: SQLITE_ERROR: no such table: issues
2024-01-19 01:19:05 error: SQLITE_ERROR: no such table: issues
2024-01-19 01:19:09 error: SQLITE_ERROR: no such table: issues
2024-01-19 01:19:09 error: SQLITE_ERROR: no such table: issues
2024-01-19 01:19:09 error: SQLITE_ERROR: no such table: issues
2024-01-19 01:19:09 error: SQLITE_ERROR: no such table: issues
2024-01-19 01:19:09 error: SQLITE_ERROR: no such table: issues
2024-01-19 01:19:09 error: SQLITE_ERROR: no such table: issues
